<?xml version="1.0" encoding="UTF-8"?>
<!-- Generated by org.testng.reporters.JUnitXMLReporter -->
<testsuite ignored="0" hostname="Sriram" failures="0" tests="9" name="Default test" time="0.06" errors="0" timestamp="2024-09-20T22:45:56 IST">
  <testcase classname="com.TestNG.Grouping" name="backStroke" time="0.013"/>
  <testcase classname="com.TestNG.Grouping" name="butterfly" time="0.001"/>
  <testcase classname="com.TestNG.Grouping" name="cricket" time="0.001"/>
  <testcase classname="com.TestNG.Grouping" name="football" time="0.001"/>
  <testcase classname="com.TestNG.Grouping" name="freeStyle" time="0.002"/>
  <testcase classname="com.TestNG.Grouping" name="handball" time="0.001"/>
  <testcase classname="com.TestNG.Grouping" name="javelinThrow" time="0.001"/>
  <testcase classname="com.TestNG.Grouping" name="marathon" time="0.001"/>
  <testcase classname="com.TestNG.Grouping" name="running" time="0.001"/>
</testsuite> <!-- Default test -->
