<?xml version="1.0" encoding="UTF-8"?>
<!-- Generated by org.testng.reporters.JUnitXMLReporter -->
<testsuite ignored="3" hostname="Sriram" failures="0" tests="6" name="Test" time="0.055" errors="0" timestamp="2024-09-20T22:46:16 IST">
  <testcase classname="com.TestNG.Grouping" name="javelinThrow" time="0.011"/>
  <testcase classname="com.TestNG.Grouping" name="marathon" time="0.012"/>
  <testcase classname="com.TestNG.Grouping" name="cricket" time="0.012"/>
  <testcase classname="com.TestNG.Grouping" name="football" time="0.011"/>
  <testcase classname="com.TestNG.Grouping" name="handball" time="0.011"/>
  <testcase classname="com.TestNG.Grouping" name="running" time="0.004"/>
  <testcase classname="com.TestNG.Grouping" name="freeStyle" time="0.0">
    <ignored/>
  </testcase> <!-- freeStyle -->
  <testcase classname="com.TestNG.Grouping" name="butterfly" time="0.0">
    <ignored/>
  </testcase> <!-- butterfly -->
  <testcase classname="com.TestNG.Grouping" name="backStroke" time="0.0">
    <ignored/>
  </testcase> <!-- backStroke -->
</testsuite> <!-- Test -->
